<?xml version="1.0" encoding="UTF-8"?>
<!-- Generated by org.testng.reporters.JUnitReportReporter -->
<testsuite skipped="0" hostname="LenovoLaptop" name="org.test.flipkart.Exercise" tests="1" failures="0" timestamp="11 Mar 2022 16:48:20 GMT" time="78.021" errors="0">
  <testcase name="exercise" time="78.021" classname="org.test.flipkart.Exercise"/>
</testsuite> <!-- org.test.flipkart.Exercise -->
